<?xml version="1.0" encoding="UTF-8"?>
<testsuite xmlns:xsi="http://www.w3.org/2001/XMLSchema-instance" xsi:noNamespaceSchemaLocation="https://maven.apache.org/surefire/maven-surefire-plugin/xsd/surefire-test-report-3.0.xsd" version="3.0" name="SampleCalcUnitTest" time="0.074" tests="8" errors="0" skipped="0" failures="0">
  <properties>
[...]
</properties>
  <testcase name="testInvalidOperator" classname="SampleCalcUnitTest" time="0.039"/>
  <testcase name="testInvalidSecondNumber" classname="SampleCalcUnitTest" time="0.002"/>
  <testcase name="testMultiplication" classname="SampleCalcUnitTest" time="0.001"/>
  <testcase name="testAddition" classname="SampleCalcUnitTest" time="0.001"/>
  <testcase name="testInvalidFirstNumber" classname="SampleCalcUnitTest" time="0.002"/>
  <testcase name="testDivisionByZero" classname="SampleCalcUnitTest" time="0.002"/>
  <testcase name="testDivision" classname="SampleCalcUnitTest" time="0.002"/>
  <testcase name="testSubtraction" classname="SampleCalcUnitTest" time="0.001"/>
</testsuite>